<?xml version="1.0" encoding="UTF-8"?>
<!-- Generated by org.testng.reporters.JUnitReportReporter -->
<testsuite hostname="NODE58" name="com.company.classes.Google" tests="1" failures="0" timestamp="6 Nov 2014 07:57:09 GMT" time="16.242" errors="0">
  <testcase name="verifyLink" time="16.242" classname="com.company.classes.Google"/>
</testsuite> <!-- com.company.classes.Google -->
